# JRE version: Java(TM) SE Runtime Environment (19.0.1+10) (build 19.0.1+10-21)
# Java VM: Java HotSpot(TM) 64-Bit Server VM (19.0.1+10-21, mixed mode, sharing, tiered, compressed oops, compressed class ptrs, g1 gc, windows-amd64)
GC Precious Log:
 CardTable entry size: 512
 Card Set container configuration: InlinePtr #cards 5 size 8 Array Of Cards #cards 12 size 40 Howl #buckets 4 coarsen threshold 1843 Howl Bitmap #cards 512 size 80 coarsen threshold 460 Card regions per heap region 1 cards per card region 2048
 CPUs: 8 total, 8 available
 Memory: 7985M
 Large Page Support: Disabled
 NUMA Support: Disabled
 Compressed Oops: Enabled (32-bit)
 Heap Region Size: 1M
 Heap Min Capacity: 8M
 Heap Initial Capacity: 126M
 Heap Max Capacity: 1998M
 Pre-touch: Disabled
 Parallel Workers: 8
 Concurrent Workers: 2
 Concurrent Refinement Workers: 8
 Periodic GC: Disabled
Heap:
 garbage-first heap   total 131072K, used 64228K [0x0000000083200000, 0x0000000100000000)
  region size 1024K, 41 young (41984K), 2 survivors (2048K)
 Metaspace       used 54338K, committed 54912K, reserved 1114112K
  class space    used 7049K, committed 7296K, reserved 1048576K
GC Heap History (20 events):
Event: 5.397 GC heap before
{Heap before GC invocations=2 (full 0):
 garbage-first heap   total 129024K, used 60516K [0x0000000083200000, 0x0000000100000000)
  region size 1024K, 50 young (51200K), 2 survivors (2048K)
 Metaspace       used 18893K, committed 19200K, reserved 1114112K
  class space    used 2271K, committed 2432K, reserved 1048576K
}
Event: 5.403 GC heap after
{Heap after GC invocations=3 (full 0):
 garbage-first heap   total 129024K, used 15939K [0x0000000083200000, 0x0000000100000000)
  region size 1024K, 6 young (6144K), 6 survivors (6144K)
 Metaspace       used 18893K, committed 19200K, reserved 1114112K
  class space    used 2271K, committed 2432K, reserved 1048576K
}
Event: 5.603 GC heap before
{Heap before GC invocations=3 (full 0):
 garbage-first heap   total 129024K, used 30275K [0x0000000083200000, 0x0000000100000000)
  region size 1024K, 22 young (22528K), 6 survivors (6144K)
 Metaspace       used 21244K, committed 21504K, reserved 1114112K
  class space    used 2532K, committed 2688K, reserved 1048576K
}
Event: 5.608 GC heap after
{Heap after GC invocations=4 (full 0):
 garbage-first heap   total 129024K, used 17319K [0x0000000083200000, 0x0000000100000000)
  region size 1024K, 7 young (7168K), 7 survivors (7168K)
 Metaspace       used 21244K, committed 21504K, reserved 1114112K
  class space    used 2532K, committed 2688K, reserved 1048576K
}
Event: 6.296 GC heap before
{Heap before GC invocations=5 (full 0):
 garbage-first heap   total 65536K, used 48039K [0x0000000083200000, 0x0000000100000000)
  region size 1024K, 38 young (38912K), 7 survivors (7168K)
 Metaspace       used 24720K, committed 25024K, reserved 1114112K
  class space    used 2961K, committed 3136K, reserved 1048576K
}
Event: 6.308 GC heap after
{Heap after GC invocations=6 (full 0):
 garbage-first heap   total 65536K, used 19777K [0x0000000083200000, 0x0000000100000000)
  region size 1024K, 5 young (5120K), 5 survivors (5120K)
 Metaspace       used 24720K, committed 25024K, reserved 1114112K
  class space    used 2961K, committed 3136K, reserved 1048576K
}
Event: 6.336 GC heap before
{Heap before GC invocations=6 (full 0):
 garbage-first heap   total 65536K, used 20801K [0x0000000083200000, 0x0000000100000000)
  region size 1024K, 6 young (6144K), 5 survivors (5120K)
 Metaspace       used 24888K, committed 25152K, reserved 1114112K
  class space    used 2979K, committed 3136K, reserved 1048576K
}
Event: 6.344 GC heap after
{Heap after GC invocations=7 (full 0):
 garbage-first heap   total 65536K, used 19903K [0x0000000083200000, 0x0000000100000000)
  region size 1024K, 1 young (1024K), 1 survivors (1024K)
 Metaspace       used 24888K, committed 25152K, reserved 1114112K
  class space    used 2979K, committed 3136K, reserved 1048576K
}
Event: 7.265 GC heap before
{Heap before GC invocations=7 (full 0):
 garbage-first heap   total 65536K, used 43455K [0x0000000083200000, 0x0000000100000000)
  region size 1024K, 25 young (25600K), 1 survivors (1024K)
 Metaspace       used 28260K, committed 28608K, reserved 1114112K
  class space    used 3382K, committed 3520K, reserved 1048576K
}
Event: 7.270 GC heap after
{Heap after GC invocations=8 (full 0):
 garbage-first heap   total 65536K, used 20640K [0x0000000083200000, 0x0000000100000000)
  region size 1024K, 2 young (2048K), 2 survivors (2048K)
 Metaspace       used 28260K, committed 28608K, reserved 1114112K
  class space    used 3382K, committed 3520K, reserved 1048576K
}
Event: 8.031 GC heap before
{Heap before GC invocations=8 (full 0):
 garbage-first heap   total 65536K, used 46240K [0x0000000083200000, 0x0000000100000000)
  region size 1024K, 27 young (27648K), 2 survivors (2048K)
 Metaspace       used 31681K, committed 32128K, reserved 1114112K
  class space    used 3847K, committed 4096K, reserved 1048576K
}
Event: 8.039 GC heap after
{Heap after GC invocations=9 (full 0):
 garbage-first heap   total 65536K, used 22682K [0x0000000083200000, 0x0000000100000000)
  region size 1024K, 4 young (4096K), 4 survivors (4096K)
 Metaspace       used 31681K, committed 32128K, reserved 1114112K
  class space    used 3847K, committed 4096K, reserved 1048576K
}
Event: 8.927 GC heap before
{Heap before GC invocations=9 (full 0):
 garbage-first heap   total 65536K, used 43162K [0x0000000083200000, 0x0000000100000000)
  region size 1024K, 25 young (25600K), 4 survivors (4096K)
 Metaspace       used 35558K, committed 35968K, reserved 1114112K
  class space    used 4454K, committed 4672K, reserved 1048576K
}
Event: 8.938 GC heap after
{Heap after GC invocations=10 (full 0):
 garbage-first heap   total 65536K, used 24307K [0x0000000083200000, 0x0000000100000000)
  region size 1024K, 2 young (2048K), 2 survivors (2048K)
 Metaspace       used 35558K, committed 35968K, reserved 1114112K
  class space    used 4454K, committed 4672K, reserved 1048576K
}
Event: 9.534 GC heap before
{Heap before GC invocations=11 (full 0):
 garbage-first heap   total 65536K, used 48883K [0x0000000083200000, 0x0000000100000000)
  region size 1024K, 26 young (26624K), 2 survivors (2048K)
 Metaspace       used 39435K, committed 40000K, reserved 1114112K
  class space    used 4943K, committed 5184K, reserved 1048576K
}
Event: 9.537 GC heap after
{Heap after GC invocations=12 (full 0):
 garbage-first heap   total 65536K, used 25544K [0x0000000083200000, 0x0000000100000000)
  region size 1024K, 4 young (4096K), 4 survivors (4096K)
 Metaspace       used 39435K, committed 40000K, reserved 1114112K
  class space    used 4943K, committed 5184K, reserved 1048576K
}
Event: 9.561 GC heap before
{Heap before GC invocations=12 (full 0):
 garbage-first heap   total 65536K, used 26568K [0x0000000083200000, 0x0000000100000000)
  region size 1024K, 5 young (5120K), 4 survivors (4096K)
 Metaspace       used 39660K, committed 40192K, reserved 1114112K
  class space    used 4966K, committed 5184K, reserved 1048576K
}
Event: 9.563 GC heap after
{Heap after GC invocations=13 (full 0):
 garbage-first heap   total 65536K, used 25530K [0x0000000083200000, 0x0000000100000000)
  region size 1024K, 1 young (1024K), 1 survivors (1024K)
 Metaspace       used 39660K, committed 40192K, reserved 1114112K
  class space    used 4966K, committed 5184K, reserved 1048576K
}
Event: 10.180 GC heap before
{Heap before GC invocations=13 (full 0):
 garbage-first heap   total 65536K, used 48058K [0x0000000083200000, 0x0000000100000000)
  region size 1024K, 24 young (24576K), 1 survivors (1024K)
 Metaspace       used 44903K, committed 45504K, reserved 1114112K
  class space    used 5806K, committed 6080K, reserved 1048576K
}
Event: 10.182 GC heap after
{Heap after GC invocations=14 (full 0):
 garbage-first heap   total 131072K, used 26340K [0x0000000083200000, 0x0000000100000000)
  region size 1024K, 2 young (2048K), 2 survivors (2048K)
 Metaspace       used 44903K, committed 45504K, reserved 1114112K
  class space    used 5806K, committed 6080K, reserved 1048576K
}

